This file contains any messages produced by compilers while
running configure, to aid debugging if configure makes a mistake.

It was created by foo configure 0.0.1, which was
generated by GNU Autoconf 2.69.  Invocation command line was

  $ ./configure 

## --------- ##
## Platform. ##
## --------- ##

hostname = qichunren-VirtualBox
uname -m = x86_64
uname -r = 4.4.0-96-generic
uname -s = Linux
uname -v = #119-Ubuntu SMP Tue Sep 12 14:59:54 UTC 2017

/usr/bin/uname -p = unknown
/bin/uname -X     = unknown

/bin/arch              = unknown
/usr/bin/arch -k       = unknown
/usr/convex/getsysinfo = unknown
/usr/bin/hostinfo      = unknown
/bin/machine           = unknown
/usr/bin/oslevel       = unknown
/bin/universe          = unknown

PATH: /home/qichunren/.cargo/bin
PATH: /home/qichunren/.nvm/versions/node/v8.6.0/bin
PATH: /home/qichunren/.rbenv/shims
PATH: /home/qichunren/.rbenv/bin
PATH: /home/qichunren/.cargo/bin
PATH: /home/qichunren/bin
PATH: /home/qichunren/.local/bin
PATH: /usr/local/sbin
PATH: /usr/local/bin
PATH: /usr/sbin
PATH: /usr/bin
PATH: /sbin
PATH: /bin
PATH: /usr/games
PATH: /usr/local/games
PATH: /snap/bin


## ----------- ##
## Core tests. ##
## ----------- ##

configure:1877: checking for a BSD-compatible install
configure:1945: result: /usr/bin/install -c
configure:1956: checking whether build environment is sane
configure:2011: result: yes
configure:2162: checking for a thread-safe mkdir -p
configure:2201: result: /bin/mkdir -p
configure:2208: checking for gawk
configure:2224: found /usr/bin/gawk
configure:2235: result: gawk
configure:2246: checking whether make sets $(MAKE)
configure:2268: result: yes
configure:2297: checking whether make supports nested variables
configure:2314: result: yes
configure:2495: checking for pkg-config
configure:2513: found /usr/bin/pkg-config
configure:2525: result: /usr/bin/pkg-config
configure:2550: checking pkg-config is at least version 0.9.0
configure:2553: result: yes
configure:2563: checking for PROTOBUF2
configure:2570: $PKG_CONFIG --exists --print-errors "protobuf >= 2.6.1"
configure:2573: $? = 0
configure:2587: $PKG_CONFIG --exists --print-errors "protobuf >= 2.6.1"
configure:2590: $? = 0
configure:2648: result: yes
configure:2723: checking for g++
configure:2739: found /usr/bin/g++
configure:2750: result: g++
configure:2777: checking for C++ compiler version
configure:2786: g++ --version >&5
g++ (Ubuntu 5.4.0-6ubuntu1~16.04.4) 5.4.0 20160609
Copyright (C) 2015 Free Software Foundation, Inc.
This is free software; see the source for copying conditions.  There is NO
warranty; not even for MERCHANTABILITY or FITNESS FOR A PARTICULAR PURPOSE.

configure:2797: $? = 0
configure:2786: g++ -v >&5
Using built-in specs.
COLLECT_GCC=g++
COLLECT_LTO_WRAPPER=/usr/lib/gcc/x86_64-linux-gnu/5/lto-wrapper
Target: x86_64-linux-gnu
Configured with: ../src/configure -v --with-pkgversion='Ubuntu 5.4.0-6ubuntu1~16.04.4' --with-bugurl=file:///usr/share/doc/gcc-5/README.Bugs --enable-languages=c,ada,c++,java,go,d,fortran,objc,obj-c++ --prefix=/usr --program-suffix=-5 --enable-shared --enable-linker-build-id --libexecdir=/usr/lib --without-included-gettext --enable-threads=posix --libdir=/usr/lib --enable-nls --with-sysroot=/ --enable-clocale=gnu --enable-libstdcxx-debug --enable-libstdcxx-time=yes --with-default-libstdcxx-abi=new --enable-gnu-unique-object --disable-vtable-verify --enable-libmpx --enable-plugin --with-system-zlib --disable-browser-plugin --enable-java-awt=gtk --enable-gtk-cairo --with-java-home=/usr/lib/jvm/java-1.5.0-gcj-5-amd64/jre --enable-java-home --with-jvm-root-dir=/usr/lib/jvm/java-1.5.0-gcj-5-amd64 --with-jvm-jar-dir=/usr/lib/jvm-exports/java-1.5.0-gcj-5-amd64 --with-arch-directory=amd64 --with-ecj-jar=/usr/share/java/eclipse-ecj.jar --enable-objc-gc --enable-multiarch --disable-werror --with-arch-32=i686 --with-abi=m64 --with-multilib-list=m32,m64,mx32 --enable-multilib --with-tune=generic --enable-checking=release --build=x86_64-linux-gnu --host=x86_64-linux-gnu --target=x86_64-linux-gnu
Thread model: posix
gcc version 5.4.0 20160609 (Ubuntu 5.4.0-6ubuntu1~16.04.4) 
configure:2797: $? = 0
configure:2786: g++ -V >&5
g++: error: unrecognized command line option '-V'
g++: fatal error: no input files
compilation terminated.
configure:2797: $? = 1
configure:2786: g++ -qversion >&5
g++: error: unrecognized command line option '-qversion'
g++: fatal error: no input files
compilation terminated.
configure:2797: $? = 1
configure:2817: checking whether the C++ compiler works
configure:2839: g++    conftest.cpp  >&5
configure:2843: $? = 0
configure:2891: result: yes
configure:2894: checking for C++ compiler default output file name
configure:2896: result: a.out
configure:2902: checking for suffix of executables
configure:2909: g++ -o conftest    conftest.cpp  >&5
configure:2913: $? = 0
configure:2935: result: 
configure:2957: checking whether we are cross compiling
configure:2965: g++ -o conftest    conftest.cpp  >&5
configure:2969: $? = 0
configure:2976: ./conftest
configure:2980: $? = 0
configure:2995: result: no
configure:3000: checking for suffix of object files
configure:3022: g++ -c   conftest.cpp >&5
configure:3026: $? = 0
configure:3047: result: o
configure:3051: checking whether we are using the GNU C++ compiler
configure:3070: g++ -c   conftest.cpp >&5
configure:3070: $? = 0
configure:3079: result: yes
configure:3088: checking whether g++ accepts -g
configure:3108: g++ -c -g  conftest.cpp >&5
configure:3108: $? = 0
configure:3149: result: yes
configure:3183: checking for style of include used by make
configure:3211: result: GNU
configure:3237: checking dependency style of g++
configure:3348: result: gcc3
configure:3476: checking that generated files are newer than configure
configure:3482: result: done
configure:3505: creating ./config.status

## ---------------------- ##
## Running config.status. ##
## ---------------------- ##

This file was extended by foo config.status 0.0.1, which was
generated by GNU Autoconf 2.69.  Invocation command line was

  CONFIG_FILES    = 
  CONFIG_HEADERS  = 
  CONFIG_LINKS    = 
  CONFIG_COMMANDS = 
  $ ./config.status 

on qichunren-VirtualBox

config.status:847: creating Makefile
config.status:847: creating src/Makefile
config.status:847: creating config.h
config.status:1028: config.h is unchanged
config.status:1076: executing depfiles commands

## ---------------- ##
## Cache variables. ##
## ---------------- ##

ac_cv_cxx_compiler_gnu=yes
ac_cv_env_CCC_set=
ac_cv_env_CCC_value=
ac_cv_env_CPPFLAGS_set=
ac_cv_env_CPPFLAGS_value=
ac_cv_env_CXXFLAGS_set=
ac_cv_env_CXXFLAGS_value=
ac_cv_env_CXX_set=
ac_cv_env_CXX_value=
ac_cv_env_LDFLAGS_set=
ac_cv_env_LDFLAGS_value=
ac_cv_env_LIBS_set=
ac_cv_env_LIBS_value=
ac_cv_env_PKG_CONFIG_LIBDIR_set=
ac_cv_env_PKG_CONFIG_LIBDIR_value=
ac_cv_env_PKG_CONFIG_PATH_set=
ac_cv_env_PKG_CONFIG_PATH_value=
ac_cv_env_PKG_CONFIG_set=
ac_cv_env_PKG_CONFIG_value=
ac_cv_env_PROTOBUF2_CFLAGS_set=
ac_cv_env_PROTOBUF2_CFLAGS_value=
ac_cv_env_PROTOBUF2_LIBS_set=
ac_cv_env_PROTOBUF2_LIBS_value=
ac_cv_env_build_alias_set=
ac_cv_env_build_alias_value=
ac_cv_env_host_alias_set=
ac_cv_env_host_alias_value=
ac_cv_env_target_alias_set=
ac_cv_env_target_alias_value=
ac_cv_objext=o
ac_cv_path_ac_pt_PKG_CONFIG=/usr/bin/pkg-config
ac_cv_path_install='/usr/bin/install -c'
ac_cv_path_mkdir=/bin/mkdir
ac_cv_prog_AWK=gawk
ac_cv_prog_ac_ct_CXX=g++
ac_cv_prog_cxx_g=yes
ac_cv_prog_make_make_set=yes
am_cv_CXX_dependencies_compiler_type=gcc3
am_cv_make_support_nested_variables=yes
pkg_cv_PROTOBUF2_CFLAGS=-pthread
pkg_cv_PROTOBUF2_LIBS='-lprotobuf -pthread -lpthread'

## ----------------- ##
## Output variables. ##
## ----------------- ##

ACLOCAL='${SHELL} /home/qichunren/code/game-server/pb-socket-demo/missing aclocal-1.15'
AMDEPBACKSLASH='\'
AMDEP_FALSE='#'
AMDEP_TRUE=''
AMTAR='$${TAR-tar}'
AM_BACKSLASH='\'
AM_DEFAULT_V='$(AM_DEFAULT_VERBOSITY)'
AM_DEFAULT_VERBOSITY='1'
AM_V='$(V)'
AUTOCONF='${SHELL} /home/qichunren/code/game-server/pb-socket-demo/missing autoconf'
AUTOHEADER='${SHELL} /home/qichunren/code/game-server/pb-socket-demo/missing autoheader'
AUTOMAKE='${SHELL} /home/qichunren/code/game-server/pb-socket-demo/missing automake-1.15'
AWK='gawk'
CPPFLAGS=''
CXX='g++'
CXXDEPMODE='depmode=gcc3'
CXXFLAGS='-g -O2'
CYGPATH_W='echo'
DEFS='-DHAVE_CONFIG_H'
DEPDIR='.deps'
ECHO_C=''
ECHO_N='-n'
ECHO_T=''
EXEEXT=''
INSTALL_DATA='${INSTALL} -m 644'
INSTALL_PROGRAM='${INSTALL}'
INSTALL_SCRIPT='${INSTALL}'
INSTALL_STRIP_PROGRAM='$(install_sh) -c -s'
LDFLAGS=''
LIBOBJS=''
LIBS=''
LTLIBOBJS=''
MAKEINFO='${SHELL} /home/qichunren/code/game-server/pb-socket-demo/missing makeinfo'
MKDIR_P='/bin/mkdir -p'
OBJEXT='o'
PACKAGE='foo'
PACKAGE_BUGREPORT='foo@gmail.com'
PACKAGE_NAME='foo'
PACKAGE_STRING='foo 0.0.1'
PACKAGE_TARNAME='foo'
PACKAGE_URL='http://www.example.com'
PACKAGE_VERSION='0.0.1'
PATH_SEPARATOR=':'
PKG_CONFIG='/usr/bin/pkg-config'
PKG_CONFIG_LIBDIR=''
PKG_CONFIG_PATH=''
PROTOBUF2_CFLAGS='-pthread'
PROTOBUF2_LIBS='-lprotobuf -pthread -lpthread'
SET_MAKE=''
SHELL='/bin/bash'
STRIP=''
VERSION='0.0.1'
ac_ct_CXX='g++'
am__EXEEXT_FALSE=''
am__EXEEXT_TRUE='#'
am__fastdepCXX_FALSE='#'
am__fastdepCXX_TRUE=''
am__include='include'
am__isrc=''
am__leading_dot='.'
am__nodep='_no'
am__quote=''
am__tar='$${TAR-tar} chof - "$$tardir"'
am__untar='$${TAR-tar} xf -'
bindir='${exec_prefix}/bin'
build_alias=''
datadir='${datarootdir}'
datarootdir='${prefix}/share'
docdir='${datarootdir}/doc/${PACKAGE_TARNAME}'
dvidir='${docdir}'
exec_prefix='${prefix}'
host_alias=''
htmldir='${docdir}'
includedir='${prefix}/include'
infodir='${datarootdir}/info'
install_sh='${SHELL} /home/qichunren/code/game-server/pb-socket-demo/install-sh'
libdir='${exec_prefix}/lib'
libexecdir='${exec_prefix}/libexec'
localedir='${datarootdir}/locale'
localstatedir='${prefix}/var'
mandir='${datarootdir}/man'
mkdir_p='$(MKDIR_P)'
oldincludedir='/usr/include'
pdfdir='${docdir}'
prefix='/usr/local'
program_transform_name='s,x,x,'
psdir='${docdir}'
runstatedir='${localstatedir}/run'
sbindir='${exec_prefix}/sbin'
sharedstatedir='${prefix}/com'
sysconfdir='${prefix}/etc'
target_alias=''

## ----------- ##
## confdefs.h. ##
## ----------- ##

/* confdefs.h */
#define PACKAGE_NAME "foo"
#define PACKAGE_TARNAME "foo"
#define PACKAGE_VERSION "0.0.1"
#define PACKAGE_STRING "foo 0.0.1"
#define PACKAGE_BUGREPORT "foo@gmail.com"
#define PACKAGE_URL "http://www.example.com"
#define PACKAGE "foo"
#define VERSION "0.0.1"

configure: exit 0

## ---------------------- ##
## Running config.status. ##
## ---------------------- ##

This file was extended by foo config.status 0.0.1, which was
generated by GNU Autoconf 2.69.  Invocation command line was

  CONFIG_FILES    = 
  CONFIG_HEADERS  = 
  CONFIG_LINKS    = 
  CONFIG_COMMANDS = 
  $ ./config.status src/Makefile depfiles

on qichunren-VirtualBox

config.status:847: creating src/Makefile
config.status:1076: executing depfiles commands
